<?xml version="1.0" encoding="UTF-8"?>
<!-- Generated by org.testng.reporters.JUnitXMLReporter -->
<testsuite ignored="0" hostname="logic" failures="0" tests="8" name="Surefire test" time="39.688" errors="0" timestamp="2023-06-29T10:44:56 ALMT">
  <testcase classname="uiTests.LoginTests.LoginTests" name="loginWithValidUsernameAndPassword" time="4.632"/>
  <testcase classname="uiTests.LoginTests.LoginTests" name="loginWithInvalidUsernameTest" time="3.346"/>
  <testcase classname="uiTests.LoginTests.LoginTests" name="loginWithInvalidPasswordTest" time="3.234"/>
  <testcase classname="uiTests.LoginTests.LoginTests" name="loginWithInvalidUsernameAndPassword" time="3.062"/>
  <testcase classname="uiTests.LoginTests.LoginTests" name="loginWithoutUsername" time="2.473"/>
  <testcase classname="uiTests.LoginTests.LoginTests" name="loginWithoutPassword" time="2.511"/>
  <testcase classname="uiTests.LoginTests.LoginTests" name="testDemo" time="0.002"/>
  <testcase classname="uiTests.LoginTests.UsersTests" name="checkingUserTable" time="12.11"/>
</testsuite> <!-- Surefire test -->
