<?xml version="1.0" encoding="UTF-8"?>
<testng-results ignored="0" total="8" passed="8" failed="0" skipped="0">
  <reporter-output>
  </reporter-output>
  <suite started-at="2023-06-29T10:44:17 ALMT" name="Surefire suite" finished-at="2023-06-29T10:44:56 ALMT" duration-ms="39688">
    <groups>
    </groups>
    <test started-at="2023-06-29T10:44:17 ALMT" name="Surefire test" finished-at="2023-06-29T10:44:56 ALMT" duration-ms="39688">
      <class name="uiTests.LoginTests.LoginTests">
        <test-method is-config="true" signature="setUpUiTest()[pri:0, instance:uiTests.LoginTests.LoginTests@1f443fae]" started-at="2023-06-29T10:44:17 ALMT" name="setUpUiTest" finished-at="2023-06-29T10:44:19 ALMT" duration-ms="2217" status="PASS">
          <reporter-output>
          </reporter-output>
        </test-method> <!-- setUpUiTest -->
        <test-method signature="loginWithValidUsernameAndPassword()[pri:1, instance:uiTests.LoginTests.LoginTests@1f443fae]" started-at="2023-06-29T10:44:19 ALMT" name="loginWithValidUsernameAndPassword" finished-at="2023-06-29T10:44:24 ALMT" duration-ms="4632" status="PASS">
          <reporter-output>
          </reporter-output>
        </test-method> <!-- loginWithValidUsernameAndPassword -->
        <test-method is-config="true" signature="tearDown()[pri:0, instance:uiTests.LoginTests.LoginTests@1f443fae]" started-at="2023-06-29T10:44:24 ALMT" name="tearDown" finished-at="2023-06-29T10:44:24 ALMT" duration-ms="104" status="PASS">
          <reporter-output>
          </reporter-output>
        </test-method> <!-- tearDown -->
        <test-method is-config="true" signature="setUpUiTest()[pri:0, instance:uiTests.LoginTests.LoginTests@1f443fae]" started-at="2023-06-29T10:44:24 ALMT" name="setUpUiTest" finished-at="2023-06-29T10:44:25 ALMT" duration-ms="769" status="PASS">
          <reporter-output>
          </reporter-output>
        </test-method> <!-- setUpUiTest -->
        <test-method signature="loginWithInvalidUsernameTest()[pri:2, instance:uiTests.LoginTests.LoginTests@1f443fae]" started-at="2023-06-29T10:44:25 ALMT" name="loginWithInvalidUsernameTest" finished-at="2023-06-29T10:44:28 ALMT" duration-ms="3346" status="PASS">
          <reporter-output>
          </reporter-output>
        </test-method> <!-- loginWithInvalidUsernameTest -->
        <test-method is-config="true" signature="tearDown()[pri:0, instance:uiTests.LoginTests.LoginTests@1f443fae]" started-at="2023-06-29T10:44:28 ALMT" name="tearDown" finished-at="2023-06-29T10:44:28 ALMT" duration-ms="131" status="PASS">
          <reporter-output>
          </reporter-output>
        </test-method> <!-- tearDown -->
        <test-method is-config="true" signature="setUpUiTest()[pri:0, instance:uiTests.LoginTests.LoginTests@1f443fae]" started-at="2023-06-29T10:44:28 ALMT" name="setUpUiTest" finished-at="2023-06-29T10:44:29 ALMT" duration-ms="676" status="PASS">
          <reporter-output>
          </reporter-output>
        </test-method> <!-- setUpUiTest -->
        <test-method signature="loginWithInvalidPasswordTest()[pri:3, instance:uiTests.LoginTests.LoginTests@1f443fae]" started-at="2023-06-29T10:44:29 ALMT" name="loginWithInvalidPasswordTest" finished-at="2023-06-29T10:44:32 ALMT" duration-ms="3234" status="PASS">
          <reporter-output>
          </reporter-output>
        </test-method> <!-- loginWithInvalidPasswordTest -->
        <test-method is-config="true" signature="tearDown()[pri:0, instance:uiTests.LoginTests.LoginTests@1f443fae]" started-at="2023-06-29T10:44:32 ALMT" name="tearDown" finished-at="2023-06-29T10:44:32 ALMT" duration-ms="122" status="PASS">
          <reporter-output>
          </reporter-output>
        </test-method> <!-- tearDown -->
        <test-method is-config="true" signature="setUpUiTest()[pri:0, instance:uiTests.LoginTests.LoginTests@1f443fae]" started-at="2023-06-29T10:44:32 ALMT" name="setUpUiTest" finished-at="2023-06-29T10:44:33 ALMT" duration-ms="708" status="PASS">
          <reporter-output>
          </reporter-output>
        </test-method> <!-- setUpUiTest -->
        <test-method signature="loginWithInvalidUsernameAndPassword()[pri:4, instance:uiTests.LoginTests.LoginTests@1f443fae]" started-at="2023-06-29T10:44:33 ALMT" name="loginWithInvalidUsernameAndPassword" finished-at="2023-06-29T10:44:36 ALMT" duration-ms="3062" status="PASS">
          <reporter-output>
          </reporter-output>
        </test-method> <!-- loginWithInvalidUsernameAndPassword -->
        <test-method is-config="true" signature="tearDown()[pri:0, instance:uiTests.LoginTests.LoginTests@1f443fae]" started-at="2023-06-29T10:44:36 ALMT" name="tearDown" finished-at="2023-06-29T10:44:36 ALMT" duration-ms="152" status="PASS">
          <reporter-output>
          </reporter-output>
        </test-method> <!-- tearDown -->
        <test-method is-config="true" signature="setUpUiTest()[pri:0, instance:uiTests.LoginTests.LoginTests@1f443fae]" started-at="2023-06-29T10:44:36 ALMT" name="setUpUiTest" finished-at="2023-06-29T10:44:37 ALMT" duration-ms="679" status="PASS">
          <reporter-output>
          </reporter-output>
        </test-method> <!-- setUpUiTest -->
        <test-method signature="loginWithoutUsername()[pri:5, instance:uiTests.LoginTests.LoginTests@1f443fae]" started-at="2023-06-29T10:44:37 ALMT" name="loginWithoutUsername" finished-at="2023-06-29T10:44:39 ALMT" duration-ms="2473" status="PASS">
          <reporter-output>
          </reporter-output>
        </test-method> <!-- loginWithoutUsername -->
        <test-method is-config="true" signature="tearDown()[pri:0, instance:uiTests.LoginTests.LoginTests@1f443fae]" started-at="2023-06-29T10:44:39 ALMT" name="tearDown" finished-at="2023-06-29T10:44:39 ALMT" duration-ms="85" status="PASS">
          <reporter-output>
          </reporter-output>
        </test-method> <!-- tearDown -->
        <test-method is-config="true" signature="setUpUiTest()[pri:0, instance:uiTests.LoginTests.LoginTests@1f443fae]" started-at="2023-06-29T10:44:39 ALMT" name="setUpUiTest" finished-at="2023-06-29T10:44:40 ALMT" duration-ms="678" status="PASS">
          <reporter-output>
          </reporter-output>
        </test-method> <!-- setUpUiTest -->
        <test-method signature="loginWithoutPassword()[pri:6, instance:uiTests.LoginTests.LoginTests@1f443fae]" started-at="2023-06-29T10:44:40 ALMT" name="loginWithoutPassword" finished-at="2023-06-29T10:44:42 ALMT" duration-ms="2511" status="PASS">
          <reporter-output>
          </reporter-output>
        </test-method> <!-- loginWithoutPassword -->
        <test-method is-config="true" signature="tearDown()[pri:0, instance:uiTests.LoginTests.LoginTests@1f443fae]" started-at="2023-06-29T10:44:42 ALMT" name="tearDown" finished-at="2023-06-29T10:44:43 ALMT" duration-ms="151" status="PASS">
          <reporter-output>
          </reporter-output>
        </test-method> <!-- tearDown -->
        <test-method is-config="true" signature="setUpUiTest()[pri:0, instance:uiTests.LoginTests.LoginTests@1f443fae]" started-at="2023-06-29T10:44:43 ALMT" name="setUpUiTest" finished-at="2023-06-29T10:44:43 ALMT" duration-ms="737" status="PASS">
          <reporter-output>
          </reporter-output>
        </test-method> <!-- setUpUiTest -->
        <test-method signature="testDemo()[pri:7, instance:uiTests.LoginTests.LoginTests@1f443fae]" started-at="2023-06-29T10:44:43 ALMT" name="testDemo" finished-at="2023-06-29T10:44:43 ALMT" duration-ms="2" status="PASS">
          <reporter-output>
          </reporter-output>
        </test-method> <!-- testDemo -->
        <test-method is-config="true" signature="tearDown()[pri:0, instance:uiTests.LoginTests.LoginTests@1f443fae]" started-at="2023-06-29T10:44:43 ALMT" name="tearDown" finished-at="2023-06-29T10:44:43 ALMT" duration-ms="87" status="PASS">
          <reporter-output>
          </reporter-output>
        </test-method> <!-- tearDown -->
      </class> <!-- uiTests.LoginTests.LoginTests -->
      <class name="uiTests.LoginTests.UsersTests">
        <test-method is-config="true" signature="setUpUiTest()[pri:0, instance:uiTests.LoginTests.UsersTests@26ae880a]" started-at="2023-06-29T10:44:43 ALMT" name="setUpUiTest" finished-at="2023-06-29T10:44:44 ALMT" duration-ms="743" status="PASS">
          <reporter-output>
          </reporter-output>
        </test-method> <!-- setUpUiTest -->
        <test-method signature="checkingUserTable()[pri:0, instance:uiTests.LoginTests.UsersTests@26ae880a]" started-at="2023-06-29T10:44:44 ALMT" name="checkingUserTable" finished-at="2023-06-29T10:44:56 ALMT" duration-ms="12110" status="PASS">
          <reporter-output>
          </reporter-output>
        </test-method> <!-- checkingUserTable -->
        <test-method is-config="true" signature="tearDown()[pri:0, instance:uiTests.LoginTests.UsersTests@26ae880a]" started-at="2023-06-29T10:44:56 ALMT" name="tearDown" finished-at="2023-06-29T10:44:56 ALMT" duration-ms="126" status="PASS">
          <reporter-output>
          </reporter-output>
        </test-method> <!-- tearDown -->
      </class> <!-- uiTests.LoginTests.UsersTests -->
    </test> <!-- Surefire test -->
  </suite> <!-- Surefire suite -->
</testng-results>
